{"level":"info","message":{"body":{"password":"testuser","username":"testuser"},"method":"POST","time":"2023-12-10T18:36:58.772Z","url":"/api/login","user":null},"service":"server"}
{"level":"info","message":{"body":{"password":"testuser","username":"testuser"},"method":"POST","time":"2023-12-10T18:37:29.518Z","url":"/api/login","user":null},"service":"server"}
{"level":"info","message":{"body":{},"method":"GET","time":"2023-12-10T18:37:38.670Z","url":"/login","user":null},"service":"server"}
{"level":"info","message":{"body":{},"method":"GET","time":"2023-12-10T18:37:38.753Z","url":"/static/js/main.edc62793.js","user":null},"service":"server"}
{"level":"info","message":{"body":{},"method":"GET","time":"2023-12-10T18:37:38.772Z","url":"/static/css/main.5e0787c6.css","user":null},"service":"server"}
{"level":"info","message":{"body":{},"method":"GET","time":"2023-12-10T18:37:38.863Z","url":"/static/media/Inter-roman.var.ba4caefcdf5b36b438db.woff2","user":null},"service":"server"}
{"level":"info","message":{"body":{},"method":"GET","time":"2023-12-10T18:37:38.876Z","url":"/api/user","user":null},"service":"server"}
{"level":"info","message":{"body":{},"method":"GET","time":"2023-12-10T18:37:38.928Z","url":"/manifest.json","user":null},"service":"server"}
{"level":"info","message":{"body":{},"method":"GET","time":"2023-12-10T18:37:38.932Z","url":"/favicon.ico","user":null},"service":"server"}
{"level":"info","message":{"body":{},"method":"GET","time":"2023-12-10T18:37:38.946Z","url":"/logo192.png","user":null},"service":"server"}
{"level":"info","message":{"body":{},"method":"GET","time":"2023-12-10T18:37:38.949Z","url":"/logo192.png","user":null},"service":"server"}
{"level":"info","message":{"body":{"password":"testuser","username":"testuser"},"method":"POST","time":"2023-12-10T18:37:42.940Z","url":"/api/login","user":null},"service":"server"}
{"level":"info","message":{"body":{"password":"testuser","username":"testuser"},"method":"POST","time":"2023-12-10T18:37:55.914Z","url":"/api/login","user":null},"service":"server"}
{"level":"info","message":{"body":{"password":"testuser","username":"testuser"},"method":"POST","time":"2023-12-10T18:38:39.364Z","url":"/api/login","user":null},"service":"server"}
{"level":"info","message":{"body":{},"method":"GET","time":"2023-12-10T18:38:39.401Z","url":"/","user":null},"service":"server"}
{"level":"info","message":{"body":{},"method":"GET","time":"2023-12-10T18:38:39.472Z","url":"/static/js/main.edc62793.js","user":null},"service":"server"}
{"level":"info","message":{"body":{},"method":"GET","time":"2023-12-10T18:38:39.482Z","url":"/static/css/main.5e0787c6.css","user":null},"service":"server"}
{"level":"info","message":{"body":{},"method":"GET","time":"2023-12-10T18:38:39.539Z","url":"/static/media/Inter-roman.var.ba4caefcdf5b36b438db.woff2","user":null},"service":"server"}
{"level":"info","message":{"body":{},"method":"GET","time":"2023-12-10T18:38:39.546Z","url":"/api/current-time","user":null},"service":"server"}
{"level":"info","message":{"body":{},"method":"GET","time":"2023-12-10T18:38:39.550Z","url":"/api/user","user":null},"service":"server"}
{"level":"info","message":{"body":{},"method":"GET","time":"2023-12-10T18:38:39.603Z","url":"/api/user","user":null},"service":"server"}
{"level":"info","message":{"body":{},"method":"GET","time":"2023-12-10T18:38:39.608Z","url":"/manifest.json","user":null},"service":"server"}
{"level":"info","message":{"body":{},"method":"GET","time":"2023-12-10T18:38:39.615Z","url":"/api/users/testuser/cards","user":null},"service":"server"}
{"level":"info","message":{"body":{},"method":"GET","time":"2023-12-10T18:38:39.634Z","url":"/api/cards","user":null},"service":"server"}
{"level":"info","message":{"body":{},"method":"GET","time":"2023-12-10T18:38:39.636Z","url":"/logo192.png","user":null},"service":"server"}
{"level":"info","message":{"body":{},"method":"GET","time":"2023-12-10T18:38:39.664Z","url":"/api/trade-offers","user":null},"service":"server"}
